# JRE version: Java(TM) SE Runtime Environment (8.0_281-b09) (build 1.8.0_281-b09)
# Java VM: Java HotSpot(TM) 64-Bit Server VM (25.281-b09 mixed mode windows-amd64 compressed oops)
Heap:
 PSYoungGen      total 76288K, used 1095K [0x00000000f5580000, 0x00000000faa80000, 0x0000000100000000)
  eden space 65536K, 1% used [0x00000000f5580000,0x00000000f5691d60,0x00000000f9580000)
  from space 10752K, 0% used [0x00000000f9580000,0x00000000f9580000,0x00000000fa000000)
  to   space 10752K, 0% used [0x00000000fa000000,0x00000000fa000000,0x00000000faa80000)
 ParOldGen       total 175104K, used 14558K [0x00000000e0000000, 0x00000000eab00000, 0x00000000f5580000)
  object space 175104K, 8% used [0x00000000e0000000,0x00000000e0e37830,0x00000000eab00000)
 Metaspace       used 34333K, capacity 35466K, committed 35752K, reserved 1079296K
  class space    used 4808K, capacity 5076K, committed 5120K, reserved 1048576K
GC Heap History (10 events):
Event: 2.781 GC heap after
Heap after GC invocations=4 (full 0):
 PSYoungGen      total 76288K, used 8399K [0x00000000f5580000, 0x00000000faa80000, 0x0000000100000000)
  eden space 65536K, 0% used [0x00000000f5580000,0x00000000f5580000,0x00000000f9580000)
  from space 10752K, 78% used [0x00000000fa000000,0x00000000fa833c90,0x00000000faa80000)
  to   space 10752K, 0% used [0x00000000f9580000,0x00000000f9580000,0x00000000fa000000)
 ParOldGen       total 175104K, used 812K [0x00000000e0000000, 0x00000000eab00000, 0x00000000f5580000)
  object space 175104K, 0% used [0x00000000e0000000,0x00000000e00cb298,0x00000000eab00000)
 Metaspace       used 20629K, capacity 21268K, committed 21296K, reserved 1067008K
  class space    used 3024K, capacity 3190K, committed 3200K, reserved 1048576K
}
Event: 2.781 GC heap before
{Heap before GC invocations=5 (full 1):
 PSYoungGen      total 76288K, used 8399K [0x00000000f5580000, 0x00000000faa80000, 0x0000000100000000)
  eden space 65536K, 0% used [0x00000000f5580000,0x00000000f5580000,0x00000000f9580000)
  from space 10752K, 78% used [0x00000000fa000000,0x00000000fa833c90,0x00000000faa80000)
  to   space 10752K, 0% used [0x00000000f9580000,0x00000000f9580000,0x00000000fa000000)
 ParOldGen       total 175104K, used 812K [0x00000000e0000000, 0x00000000eab00000, 0x00000000f5580000)
  object space 175104K, 0% used [0x00000000e0000000,0x00000000e00cb298,0x00000000eab00000)
 Metaspace       used 20629K, capacity 21268K, committed 21296K, reserved 1067008K
  class space    used 3024K, capacity 3190K, committed 3200K, reserved 1048576K
Event: 2.831 GC heap after
Heap after GC invocations=5 (full 1):
 PSYoungGen      total 76288K, used 0K [0x00000000f5580000, 0x00000000faa80000, 0x0000000100000000)
  eden space 65536K, 0% used [0x00000000f5580000,0x00000000f5580000,0x00000000f9580000)
  from space 10752K, 0% used [0x00000000fa000000,0x00000000fa000000,0x00000000faa80000)
  to   space 10752K, 0% used [0x00000000f9580000,0x00000000f9580000,0x00000000fa000000)
 ParOldGen       total 175104K, used 8215K [0x00000000e0000000, 0x00000000eab00000, 0x00000000f5580000)
  object space 175104K, 4% used [0x00000000e0000000,0x00000000e0805c08,0x00000000eab00000)
 Metaspace       used 20629K, capacity 21268K, committed 21296K, reserved 1067008K
  class space    used 3024K, capacity 3190K, committed 3200K, reserved 1048576K
}
Event: 3.706 GC heap before
{Heap before GC invocations=6 (full 1):
 PSYoungGen      total 76288K, used 65517K [0x00000000f5580000, 0x00000000faa80000, 0x0000000100000000)
  eden space 65536K, 99% used [0x00000000f5580000,0x00000000f957b598,0x00000000f9580000)
  from space 10752K, 0% used [0x00000000fa000000,0x00000000fa000000,0x00000000faa80000)
  to   space 10752K, 0% used [0x00000000f9580000,0x00000000f9580000,0x00000000fa000000)
 ParOldGen       total 175104K, used 8215K [0x00000000e0000000, 0x00000000eab00000, 0x00000000f5580000)
  object space 175104K, 4% used [0x00000000e0000000,0x00000000e0805c08,0x00000000eab00000)
 Metaspace       used 28109K, capacity 28996K, committed 29184K, reserved 1075200K
  class space    used 4066K, capacity 4305K, committed 4352K, reserved 1048576K
Event: 3.710 GC heap after
Heap after GC invocations=6 (full 1):
 PSYoungGen      total 76288K, used 7790K [0x00000000f5580000, 0x00000000faa80000, 0x0000000100000000)
  eden space 65536K, 0% used [0x00000000f5580000,0x00000000f5580000,0x00000000f9580000)
  from space 10752K, 72% used [0x00000000f9580000,0x00000000f9d1b848,0x00000000fa000000)
  to   space 10752K, 0% used [0x00000000fa000000,0x00000000fa000000,0x00000000faa80000)
 ParOldGen       total 175104K, used 8223K [0x00000000e0000000, 0x00000000eab00000, 0x00000000f5580000)
  object space 175104K, 4% used [0x00000000e0000000,0x00000000e0807c08,0x00000000eab00000)
 Metaspace       used 28109K, capacity 28996K, committed 29184K, reserved 1075200K
  class space    used 4066K, capacity 4305K, committed 4352K, reserved 1048576K
}
Event: 4.249 GC heap before
{Heap before GC invocations=7 (full 1):
 PSYoungGen      total 76288K, used 73326K [0x00000000f5580000, 0x00000000faa80000, 0x0000000100000000)
  eden space 65536K, 100% used [0x00000000f5580000,0x00000000f9580000,0x00000000f9580000)
  from space 10752K, 72% used [0x00000000f9580000,0x00000000f9d1b848,0x00000000fa000000)
  to   space 10752K, 0% used [0x00000000fa000000,0x00000000fa000000,0x00000000faa80000)
 ParOldGen       total 175104K, used 8223K [0x00000000e0000000, 0x00000000eab00000, 0x00000000f5580000)
  object space 175104K, 4% used [0x00000000e0000000,0x00000000e0807c08,0x00000000eab00000)
 Metaspace       used 33066K, capacity 34122K, committed 34432K, reserved 1079296K
  class space    used 4671K, capacity 4919K, committed 4992K, reserved 1048576K
Event: 4.256 GC heap after
Heap after GC invocations=7 (full 1):
 PSYoungGen      total 76288K, used 10016K [0x00000000f5580000, 0x00000000faa80000, 0x0000000100000000)
  eden space 65536K, 0% used [0x00000000f5580000,0x00000000f5580000,0x00000000f9580000)
  from space 10752K, 93% used [0x00000000fa000000,0x00000000fa9c8000,0x00000000faa80000)
  to   space 10752K, 0% used [0x00000000f9580000,0x00000000f9580000,0x00000000fa000000)
 ParOldGen       total 175104K, used 8231K [0x00000000e0000000, 0x00000000eab00000, 0x00000000f5580000)
  object space 175104K, 4% used [0x00000000e0000000,0x00000000e0809c08,0x00000000eab00000)
 Metaspace       used 33066K, capacity 34122K, committed 34432K, reserved 1079296K
  class space    used 4671K, capacity 4919K, committed 4992K, reserved 1048576K
}
Event: 4.391 GC heap before
{Heap before GC invocations=8 (full 1):
 PSYoungGen      total 76288K, used 25634K [0x00000000f5580000, 0x00000000faa80000, 0x0000000100000000)
  eden space 65536K, 23% used [0x00000000f5580000,0x00000000f64c0b80,0x00000000f9580000)
  from space 10752K, 93% used [0x00000000fa000000,0x00000000fa9c8000,0x00000000faa80000)
  to   space 10752K, 0% used [0x00000000f9580000,0x00000000f9580000,0x00000000fa000000)
 ParOldGen       total 175104K, used 8231K [0x00000000e0000000, 0x00000000eab00000, 0x00000000f5580000)
  object space 175104K, 4% used [0x00000000e0000000,0x00000000e0809c08,0x00000000eab00000)
 Metaspace       used 34322K, capacity 35398K, committed 35496K, reserved 1079296K
  class space    used 4803K, capacity 5074K, committed 5120K, reserved 1048576K
Event: 4.398 GC heap after
Heap after GC invocations=8 (full 1):
 PSYoungGen      total 76288K, used 7695K [0x00000000f5580000, 0x00000000faa80000, 0x0000000100000000)
  eden space 65536K, 0% used [0x00000000f5580000,0x00000000f5580000,0x00000000f9580000)
  from space 10752K, 71% used [0x00000000f9580000,0x00000000f9d03cf0,0x00000000fa000000)
  to   space 10752K, 0% used [0x00000000fa000000,0x00000000fa000000,0x00000000faa80000)
 ParOldGen       total 175104K, used 8231K [0x00000000e0000000, 0x00000000eab00000, 0x00000000f5580000)
  object space 175104K, 4% used [0x00000000e0000000,0x00000000e0809c08,0x00000000eab00000)
 Metaspace       used 34322K, capacity 35398K, committed 35496K, reserved 1079296K
  class space    used 4803K, capacity 5074K, committed 5120K, reserved 1048576K
}
Event: 4.398 GC heap before
{Heap before GC invocations=9 (full 2):
 PSYoungGen      total 76288K, used 7695K [0x00000000f5580000, 0x00000000faa80000, 0x0000000100000000)
  eden space 65536K, 0% used [0x00000000f5580000,0x00000000f5580000,0x00000000f9580000)
  from space 10752K, 71% used [0x00000000f9580000,0x00000000f9d03cf0,0x00000000fa000000)
  to   space 10752K, 0% used [0x00000000fa000000,0x00000000fa000000,0x00000000faa80000)
 ParOldGen       total 175104K, used 8231K [0x00000000e0000000, 0x00000000eab00000, 0x00000000f5580000)
  object space 175104K, 4% used [0x00000000e0000000,0x00000000e0809c08,0x00000000eab00000)
 Metaspace       used 34322K, capacity 35398K, committed 35496K, reserved 1079296K
  class space    used 4803K, capacity 5074K, committed 5120K, reserved 1048576K

